<?xml version="1.0" encoding="utf-8"?><testsuites name="pytest tests"><testsuite name="pytest" errors="0" failures="0" skipped="0" tests="94" time="155.665" timestamp="2026-07-18T21:57:37.525339+00:00" hostname="agent-env-a9d0d8c7-ad4c-4c4a-a00a-d9b45f2c08c4"><testcase classname="tests.backend_test.TestConnections" name="test_pathways_returns_5" time="0.271" /><testcase classname="tests.test_auth_and_approvals.TestAuthGating" name="test_public_root" time="0.315" /><testcase classname="tests.backend_test.TestConnections" name="test_oauth_start_valid_platform[google]" time="0.036" /><testcase classname="tests.backend_test.TestConnections" name="test_oauth_start_valid_platform[tiktok]" time="0.076" /><testcase classname="tests.test_auth_and_approvals.TestAuthGating" name="test_public_spin_no_auth" time="0.130" /><testcase classname="tests.backend_test.TestConnections" name="test_oauth_start_valid_platform[instagram]" time="0.037" /><testcase classname="tests.backend_test.TestConnections" name="test_oauth_start_valid_platform[facebook]" time="0.077" /><testcase classname="tests.test_auth_and_approvals.TestAuthGating" name="test_public_spin_requires_agreement" time="0.091" /><testcase classname="tests.backend_test.TestConnections" name="test_oauth_start_valid_platform[youtube]" time="0.078" /><testcase classname="tests.test_auth_and_approvals.TestAuthGating" name="test_public_spin_requires_identity" time="0.241" /><testcase classname="tests.backend_test.TestConnections" name="test_oauth_start_unknown_platform" time="0.145" /><testcase classname="tests.backend_test.TestConnections" name="test_oauth_callback_unknown_platform" time="0.086" /><testcase classname="tests.test_auth_and_approvals.TestAuthGating" name="test_public_spin_daily_limit" time="0.162" /><testcase classname="tests.backend_test.TestConnections" name="test_oauth_callback_marks_authorized" time="0.313" /><testcase classname="tests.test_auth_and_approvals.TestAuthGating" name="test_public_games_no_auth" time="0.105" /><testcase classname="tests.test_auth_and_approvals.TestAuthGating" name="test_overview_requires_auth" time="0.131" /><testcase classname="tests.backend_test.TestConnections" name="test_get_connections_reflects_state_and_disconnect_clears_auth" time="0.154" /><testcase classname="tests.test_auth_and_approvals.TestAuthGating" name="test_segments_requires_auth" time="0.076" /><testcase classname="tests.test_auth_and_approvals.TestAuthGating" name="test_team_requires_auth" time="0.072" /><testcase classname="tests.backend_test.TestCoreRoutes" name="test_overview" time="0.076" /><testcase classname="tests.test_auth_and_approvals.TestAuthGating" name="test_owner_can_hit_protected" time="0.086" /><testcase classname="tests.backend_test.TestCoreRoutes" name="test_executioner_reports" time="0.037" /><testcase classname="tests.backend_test.TestCoreRoutes" name="test_executioner_reconcile_and_reset" time="0.183" /><testcase classname="tests.test_auth_and_approvals.TestAuthGating" name="test_auth_me_owner" time="0.119" /><testcase classname="tests.backend_test.TestScanToSpinPhase3" name="test_spin_issues_persisted_code" time="0.092" /><testcase classname="tests.backend_test.TestCoreRoutes" name="test_recommended_plan" time="0.037" /><testcase classname="tests.backend_test.TestCoreRoutes" name="test_maximizer_games" time="0.075" /><testcase classname="tests.backend_test.TestScanToSpinPhase3" name="test_redeem_valid_then_duplicate_then_invalid" time="0.274" /><testcase classname="tests.backend_test.TestCoreRoutes" name="test_maximizer_set_active" time="0.151" /><testcase classname="tests.backend_test.TestCoreRoutes" name="test_maximizer_segments" time="0.035" /><testcase classname="tests.backend_test.TestCoreRoutes" name="test_maximizer_drip" time="0.036" /><testcase classname="tests.backend_test.TestScanToSpinPhase3" name="test_dashboard_reflects_ledger_and_updates_after_spin_and_redeem" time="0.196" /><testcase classname="tests.backend_test.TestCoreRoutes" name="test_maximizer_spin" time="0.076" /><testcase classname="tests.backend_test.TestCoreRoutes" name="test_codes_flow" time="0.306" /><testcase classname="tests.backend_test.TestScanToSpinPhase3" name="test_spin_qr_returns_png_data_uri" time="0.037" /><testcase classname="tests.backend_test.TestScanToSpinPhase3" name="test_segments_verification_uses_live_ledger" time="0.075" /><testcase classname="tests.backend_test.TestScanToSpinPhase3" name="test_persistence_across_restart" time="62.718" /><testcase classname="tests.test_auth_and_approvals.TestMemberActivationFlow" name="test_pending_member_gets_403_access_code_required" time="0.111" /><testcase classname="tests.test_auth_and_approvals.TestMemberActivationFlow" name="test_activate_wrong_code_returns_400" time="0.077" /><testcase classname="tests.test_auth_and_approvals.TestMemberActivationFlow" name="test_activate_correct_code_unlocks" time="61.403" /><testcase classname="tests.test_auth_and_approvals.TestMemberActivationFlow" name="test_seat_cap_rejects_fourth_member" time="0.609" /><testcase classname="tests.test_auth_and_approvals.TestMemberActivationFlow" name="test_rotate_locks_out_active_member" time="0.408" /><testcase classname="tests.test_auth_and_approvals.TestMemberActivationFlow" name="test_revoke_kills_session_and_restore_returns_pending" time="0.547" /><testcase classname="tests.backend_test.TestPhase2POSImport" name="test_sample_transactions_csv_has_square_headers" time="0.037" /><testcase classname="tests.backend_test.TestPhase2POSImport" name="test_import_square_csv_recomputes_reports" time="0.259" /><testcase classname="tests.backend_test.TestPhase2POSImport" name="test_import_generic_csv_column_mapping" time="0.041" /><testcase classname="tests.backend_test.TestPhase2POSImport" name="test_import_csv_with_no_amount_column_returns_422" time="0.035" /><testcase classname="tests.backend_test.TestPhase2POSImport" name="test_clear_transactions_restores_demo_baseline" time="0.103" /><testcase classname="tests.backend_test.TestContentDirector" name="test_prompts_has_distribution" time="0.033" /><testcase classname="tests.backend_test.TestContentDirector" name="test_distribution_endpoint" time="0.076" /><testcase classname="tests.test_auth_and_approvals.TestPostRebuildRegression" name="test_get_returns_200[/executioner/reports]" time="0.076" /><testcase classname="tests.backend_test.TestContentDirector" name="test_content_copy" time="9.552" /><testcase classname="tests.test_auth_and_approvals.TestPostRebuildRegression" name="test_get_returns_200[/maximizer/segments]" time="0.134" /><testcase classname="tests.test_auth_and_approvals.TestPostRebuildRegression" name="test_get_returns_200[/maximizer/spin/qr?spaceId=Counter&amp;base=https://x.app]" time="0.110" /><testcase classname="tests.test_auth_and_approvals.TestPostRebuildRegression" name="test_get_returns_200[/content/calendar]" time="0.069" /><testcase classname="tests.test_auth_and_approvals.TestPostRebuildRegression" name="test_get_returns_200[/content/brand-profile]" time="0.080" /><testcase classname="tests.test_auth_and_approvals.TestApprovalWorkflow" name="test_member_publish_all_creates_pending_approval" time="0.207" /><testcase classname="tests.test_auth_and_approvals.TestApprovalWorkflow" name="test_owner_publish_all_executes_directly" time="0.085" /><testcase classname="tests.test_auth_and_approvals.TestApprovalWorkflow" name="test_owner_can_approve_and_double_approve_rejected" time="0.334" /><testcase classname="tests.test_auth_and_approvals.TestApprovalWorkflow" name="test_owner_can_reject" time="0.249" /><testcase classname="tests.backend_test.TestPublishAll" name="test_publish_all_default_state" time="0.211" /><testcase classname="tests.backend_test.TestPublishAll" name="test_publish_all_respects_connection_toggle" time="0.219" /><testcase classname="tests.backend_test.TestPublishAll" name="test_publish_all_empty_body_ok" time="0.042" /><testcase classname="tests.backend_test.TestVideoCritic" name="test_analyze_bogus_uploadId_returns_404" time="0.096" /><testcase classname="tests.backend_test.TestVideoCritic" name="test_chunk_bogus_uploadId_returns_404" time="0.131" /><testcase classname="tests.backend_test.TestVideoCritic" name="test_full_pipeline_upload_analyze_playback" time="4.045" /><testcase classname="tests.backend_test.TestTableTentPDF" name="test_table_tent_pdf_returns_pdf_bytes" time="0.060" /><testcase classname="tests.backend_test.TestTableTentPDF" name="test_table_tent_pdf_default_params" time="0.050" /><testcase classname="tests.backend_test.TestTableTentPDF" name="test_table_tent_pdf_strips_bad_base" time="0.053" /><testcase classname="tests.test_auth_and_approvals.TestTeamOwnerOps" name="test_team_overview_shape" time="0.097" /><testcase classname="tests.test_auth_and_approvals.TestTeamOwnerOps" name="test_rotate_code_changes_code_and_version" time="0.225" /><testcase classname="tests.test_auth_and_approvals.TestTeamOwnerOps" name="test_cannot_revoke_owner" time="0.093" /><testcase classname="tests.test_coach_library_and_calendar.TestCoachTemplatesList" name="test_list_returns_seeded_templates" time="0.072" /><testcase classname="tests.test_coach_library_and_calendar.TestCoachTemplatesList" name="test_list_sorted_newest_first" time="0.033" /><testcase classname="tests.test_coach_library_and_calendar.TestCoachTemplatesList" name="test_list_item_shape" time="0.031" /><testcase classname="tests.backend_test.TestEmailTrickle" name="test_trickle_plan" time="0.089" /><testcase classname="tests.backend_test.TestEmailTrickle" name="test_email_preview" time="0.045" /><testcase classname="tests.backend_test.TestLocalEvents" name="test_local_events_payload" time="0.038" /><testcase classname="tests.backend_test.TestLocalEvents" name="test_local_events_insight_bounds" time="0.039" /><testcase classname="tests.backend_test.TestBrandProfile" name="test_get_brand_profile_shape" time="0.041" /><testcase classname="tests.backend_test.TestBrandProfile" name="test_put_partial_update_and_persist" time="0.199" /><testcase classname="tests.test_coach_library_and_calendar.TestCoachToCalendar" name="test_bogus_id_returns_404" time="0.075" /><testcase classname="tests.test_coach_library_and_calendar.TestCoachToCalendar" name="test_add_to_calendar_persists" time="0.122" /><testcase classname="tests.test_coach_library_and_calendar.TestCoachTemplateDelete" name="test_delete_bogus_returns_404" time="0.036" /><testcase classname="tests.test_coach_library_and_calendar.TestCoachTemplateDelete" name="test_create_and_delete_disposable" time="80.739" /><testcase classname="tests.backend_test.TestContentDirector" name="test_content_critic" time="0.117" /><testcase classname="tests.backend_test.TestContentCalendar" name="test_calendar_initial_state" time="0.036" /><testcase classname="tests.backend_test.TestContentCalendar" name="test_calendar_add_week" time="0.108" /><testcase classname="tests.backend_test.TestContentCalendar" name="test_calendar_add_and_remove_post" time="0.141" /><testcase classname="tests.backend_test.TestContentCalendar" name="test_calendar_reset_restores_two_weeks" time="0.106" /><testcase classname="tests.backend_test.TestWelcomeAutomation" name="test_full_welcome_flow" time="0.238" /><testcase classname="tests.backend_test.TestPersistenceAcrossRestart" name="test_state_survives_backend_restart" time="79.393" /><testcase classname="tests.test_coach_library_and_calendar.TestCoachTemplatePdf" name="test_pdf_valid" time="0.089" /><testcase classname="tests.test_coach_library_and_calendar.TestCoachTemplatePdf" name="test_pdf_bogus_404" time="0.036" /></testsuite></testsuites>