<?xml version="1.0" encoding="utf-8"?><testsuites name="pytest tests"><testsuite name="pytest" errors="0" failures="0" skipped="0" tests="8" time="1.024" timestamp="2026-07-18T07:10:52.328549+00:00" hostname="agent-env-5cd6cc33-f940-434f-aa02-511ba8586701"><testcase classname="tests.backend_test.TestTableTentPDF" name="test_table_tent_pdf_returns_pdf_bytes" time="0.152" /><testcase classname="tests.backend_test.TestPhase2POSImport" name="test_sample_transactions_csv_has_square_headers" time="0.121" /><testcase classname="tests.backend_test.TestPhase2POSImport" name="test_import_square_csv_recomputes_reports" time="0.221" /><testcase classname="tests.backend_test.TestTableTentPDF" name="test_table_tent_pdf_default_params" time="0.048" /><testcase classname="tests.backend_test.TestTableTentPDF" name="test_table_tent_pdf_strips_bad_base" time="0.067" /><testcase classname="tests.backend_test.TestPhase2POSImport" name="test_import_generic_csv_column_mapping" time="0.075" /><testcase classname="tests.backend_test.TestPhase2POSImport" name="test_import_csv_with_no_amount_column_returns_422" time="0.034" /><testcase classname="tests.backend_test.TestPhase2POSImport" name="test_clear_transactions_restores_demo_baseline" time="0.140" /></testsuite></testsuites>