<?xml version="1.0" encoding="utf-8"?><testsuites name="pytest tests"><testsuite name="pytest" errors="0" failures="0" skipped="0" tests="10" time="1.501" timestamp="2026-07-19T00:26:12.098270+00:00" hostname="agent-env-a9d0d8c7-ad4c-4c4a-a00a-d9b45f2c08c4"><testcase classname="tests.test_report_v2.TestWeeklyReportV2" name="test_report_has_new_sections" time="0.260" /><testcase classname="tests.test_ad_spend_nudge.TestAdSpendAndImportNudge" name="test_requires_auth" time="0.322" /><testcase classname="tests.test_report_v2.TestWeeklyReportV2" name="test_channels_cover_all_platforms" time="0.044" /><testcase classname="tests.test_report_v2.TestWeeklyReportV2" name="test_pos_import_is_logged" time="0.126" /><testcase classname="tests.test_ad_spend_nudge.TestAdSpendAndImportNudge" name="test_add_list_delete_roundtrip" time="0.396" /><testcase classname="tests.test_report_v2.TestWeeklyReportV2" name="test_pdf_still_one_document" time="0.053" /><testcase classname="tests.test_report_v2.TestWeeklyReportV2" name="test_send_now_email_includes_channels" time="0.090" /><testcase classname="tests.test_ad_spend_nudge.TestAdSpendAndImportNudge" name="test_validation" time="0.213" /><testcase classname="tests.test_ad_spend_nudge.TestAdSpendAndImportNudge" name="test_weekly_report_includes_spend_for_report_week" time="0.195" /><testcase classname="tests.test_ad_spend_nudge.TestAdSpendAndImportNudge" name="test_import_status_shape_and_consistency" time="0.038" /></testsuite></testsuites>