<?xml version="1.0" encoding="utf-8"?><testsuites name="pytest tests"><testsuite name="pytest" errors="0" failures="0" skipped="0" tests="5" time="0.959" timestamp="2026-07-25T03:07:44.700864+00:00" hostname="agent-env-a9d0d8c7-ad4c-4c4a-a00a-d9b45f2c08c4"><testcase classname="tests.test_strategy_governance.TestStrategyGovernance" name="test_get_defaults" time="0.148" /><testcase classname="tests.test_strategy_governance.TestStrategyGovernance" name="test_industry_switch_retunes_pacing" time="0.133" /><testcase classname="tests.test_strategy_governance.TestStrategyGovernance" name="test_bad_industry_rejected" time="0.027" /><testcase classname="tests.test_strategy_governance.TestStrategyGovernance" name="test_video_slot_updates_and_validation" time="0.201" /><testcase classname="tests.test_strategy_governance.TestStrategyGovernance" name="test_requires_auth" time="0.155" /></testsuite></testsuites>