<?xml version="1.0" encoding="utf-8"?><testsuites name="pytest tests"><testsuite name="pytest" errors="0" failures="0" skipped="0" tests="23" time="2.240" timestamp="2026-07-25T02:21:06.681561+00:00" hostname="agent-env-a9d0d8c7-ad4c-4c4a-a00a-d9b45f2c08c4"><testcase classname="tests.test_ad_spend_nudge.TestAdSpendAndImportNudge" name="test_requires_auth" time="0.239" /><testcase classname="tests.test_prize_board.TestPrizeBoard" name="test_a_get_board_shape" time="0.100" /><testcase classname="tests.test_prize_board.TestPrizeBoard" name="test_b_put_valid_board" time="0.223" /><testcase classname="tests.test_ad_spend_nudge.TestAdSpendAndImportNudge" name="test_add_list_delete_roundtrip" time="0.285" /><testcase classname="tests.test_prize_board.TestPrizeBoard" name="test_c_put_too_few_good_prizes_rejected" time="0.037" /><testcase classname="tests.test_prize_board.TestPrizeBoard" name="test_d_put_empty_dud_rejected" time="0.039" /><testcase classname="tests.test_prize_board.TestPrizeBoard" name="test_e_couponer_always_gets_dud" time="0.362" /><testcase classname="tests.test_ad_spend_nudge.TestAdSpendAndImportNudge" name="test_validation" time="0.199" /><testcase classname="tests.test_ad_spend_nudge.TestAdSpendAndImportNudge" name="test_weekly_report_includes_spend_for_report_week" time="0.192" /><testcase classname="tests.test_prize_board.TestPrizeBoard" name="test_f_others_get_good_prizes_only" time="0.811" /><testcase classname="tests.test_ad_spend_nudge.TestAdSpendAndImportNudge" name="test_import_status_shape_and_consistency" time="0.032" /><testcase classname="tests.test_locations_weekly.TestLocations" name="test_requires_auth" time="0.093" /><testcase classname="tests.test_locations_weekly.TestLocations" name="test_rows_shape_and_test_spot_present" time="0.178" /><testcase classname="tests.test_locations_weekly.TestLocations" name="test_admin_demo_excluded" time="0.030" /><testcase classname="tests.test_locations_weekly.TestLocations" name="test_spin_signup_records_space" time="0.078" /><testcase classname="tests.test_locations_weekly.TestScan" name="test_scan_is_public_and_records" time="0.077" /><testcase classname="tests.test_locations_weekly.TestScan" name="test_scan_defaults_to_direct" time="0.076" /><testcase classname="tests.test_locations_weekly.TestScan" name="test_scan_truncates_long_space" time="0.078" /><testcase classname="tests.test_locations_weekly.TestWeeklyReport" name="test_requires_auth" time="0.075" /><testcase classname="tests.test_prize_board.TestPrizeBoard" name="test_g_headline_slot_is_high_tier" time="0.074" /><testcase classname="tests.test_locations_weekly.TestWeeklyReport" name="test_shape_and_week_bounds" time="0.044" /><testcase classname="tests.test_prize_board.TestPrizeBoard" name="test_h_redeem_returns_pos_code" time="0.225" /><testcase classname="tests.test_locations_weekly.TestWeeklyReport" name="test_pdf_downloads" time="0.050" /></testsuite></testsuites>