<?xml version="1.0" encoding="utf-8"?><testsuites name="pytest tests"><testsuite name="pytest" errors="0" failures="0" skipped="0" tests="23" time="1.225" timestamp="2026-07-19T00:11:30.498208+00:00" hostname="agent-env-a9d0d8c7-ad4c-4c4a-a00a-d9b45f2c08c4"><testcase classname="tests.test_locations_weekly.TestLocations" name="test_requires_auth" time="0.108" /><testcase classname="tests.test_report_v2.TestWeeklyReportV2" name="test_report_has_new_sections" time="0.132" /><testcase classname="tests.test_locations_weekly.TestLocations" name="test_rows_shape_and_test_spot_present" time="0.142" /><testcase classname="tests.test_report_v2.TestWeeklyReportV2" name="test_channels_cover_all_platforms" time="0.044" /><testcase classname="tests.test_report_v2.TestWeeklyReportV2" name="test_pos_import_is_logged" time="0.120" /><testcase classname="tests.test_locations_weekly.TestLocations" name="test_admin_demo_excluded" time="0.034" /><testcase classname="tests.test_locations_weekly.TestLocations" name="test_spin_signup_records_space" time="0.114" /><testcase classname="tests.test_report_v2.TestWeeklyReportV2" name="test_pdf_still_one_document" time="0.054" /><testcase classname="tests.test_report_v2.TestWeeklyReportV2" name="test_send_now_email_includes_channels" time="0.046" /><testcase classname="tests.test_locations_weekly.TestScan" name="test_scan_is_public_and_records" time="0.033" /><testcase classname="tests.test_locations_weekly.TestWeeklyReport" name="test_requires_auth" time="0.113" /><testcase classname="tests.test_locations_weekly.TestScan" name="test_scan_defaults_to_direct" time="0.029" /><testcase classname="tests.test_locations_weekly.TestScan" name="test_scan_truncates_long_space" time="0.031" /><testcase classname="tests.test_report_v2_extras.TestChannelShape" name="test_wheel_channel_has_three_lines_and_is_live" time="0.080" /><testcase classname="tests.test_locations_weekly.TestWeeklyReport" name="test_shape_and_week_bounds" time="0.083" /><testcase classname="tests.test_report_v2_extras.TestChannelShape" name="test_social_platforms_have_unlock_note_and_published_line" time="0.043" /><testcase classname="tests.test_locations_weekly.TestWeeklyReport" name="test_pdf_downloads" time="0.051" /><testcase classname="tests.test_report_v2_extras.TestChannelShape" name="test_calendar_has_planned_and_email_is_stub" time="0.043" /><testcase classname="tests.test_report_v2_extras.TestPublishAllDoesNotBreakReport" name="test_publish_all_returns_published_count" time="0.091" /><testcase classname="tests.test_report_v2_extras.TestPosImportLogging" name="test_csv_import_updates_last_import_at" time="0.121" /><testcase classname="tests.test_report_v2_extras.TestPublishAllDoesNotBreakReport" name="test_weekly_report_still_200_after_publish" time="0.048" /><testcase classname="tests.test_report_v2_extras.TestPdfNewSections" name="test_pdf_contains_new_section_headings" time="0.098" /><testcase classname="tests.test_report_v2_extras.TestPrizeBreakdownShape" name="test_prize_breakdown_items_have_required_keys" time="0.053" /></testsuite></testsuites>