<?xml version="1.0" encoding="utf-8"?><testsuites name="pytest tests"><testsuite name="pytest" errors="0" failures="0" skipped="0" tests="56" time="30.876" timestamp="2026-07-18T07:11:00.531362+00:00" hostname="agent-env-5cd6cc33-f940-434f-aa02-511ba8586701"><testcase classname="tests.backend_test.TestConnections" name="test_pathways_returns_5" time="0.226" /><testcase classname="tests.backend_test.TestConnections" name="test_oauth_start_valid_platform[google]" time="0.041" /><testcase classname="tests.backend_test.TestConnections" name="test_oauth_start_valid_platform[tiktok]" time="0.040" /><testcase classname="tests.backend_test.TestConnections" name="test_oauth_start_valid_platform[instagram]" time="0.042" /><testcase classname="tests.backend_test.TestConnections" name="test_oauth_start_valid_platform[facebook]" time="0.080" /><testcase classname="tests.backend_test.TestConnections" name="test_oauth_start_valid_platform[youtube]" time="0.038" /><testcase classname="tests.backend_test.TestConnections" name="test_oauth_start_unknown_platform" time="0.079" /><testcase classname="tests.backend_test.TestConnections" name="test_oauth_callback_unknown_platform" time="0.081" /><testcase classname="tests.backend_test.TestConnections" name="test_oauth_callback_marks_authorized" time="0.157" /><testcase classname="tests.backend_test.TestConnections" name="test_get_connections_reflects_state_and_disconnect_clears_auth" time="0.151" /><testcase classname="tests.backend_test.TestContentDirector" name="test_prompts_has_distribution" time="0.039" /><testcase classname="tests.backend_test.TestContentDirector" name="test_distribution_endpoint" time="0.081" /><testcase classname="tests.backend_test.TestContentDirector" name="test_content_copy" time="11.055" /><testcase classname="tests.backend_test.TestContentDirector" name="test_content_critic" time="0.114" /><testcase classname="tests.backend_test.TestPublishAll" name="test_publish_all_default_state" time="0.197" /><testcase classname="tests.backend_test.TestPublishAll" name="test_publish_all_respects_connection_toggle" time="0.235" /><testcase classname="tests.backend_test.TestPublishAll" name="test_publish_all_empty_body_ok" time="0.078" /><testcase classname="tests.backend_test.TestCoreRoutes" name="test_overview" time="0.038" /><testcase classname="tests.backend_test.TestCoreRoutes" name="test_executioner_reports" time="0.038" /><testcase classname="tests.backend_test.TestCoreRoutes" name="test_executioner_reconcile_and_reset" time="0.154" /><testcase classname="tests.backend_test.TestCoreRoutes" name="test_recommended_plan" time="0.046" /><testcase classname="tests.backend_test.TestCoreRoutes" name="test_maximizer_games" time="0.078" /><testcase classname="tests.backend_test.TestCoreRoutes" name="test_maximizer_set_active" time="0.112" /><testcase classname="tests.backend_test.TestCoreRoutes" name="test_maximizer_segments" time="0.039" /><testcase classname="tests.backend_test.TestCoreRoutes" name="test_maximizer_drip" time="0.081" /><testcase classname="tests.backend_test.TestCoreRoutes" name="test_maximizer_spin" time="0.042" /><testcase classname="tests.backend_test.TestCoreRoutes" name="test_codes_flow" time="0.229" /><testcase classname="tests.backend_test.TestWelcomeAutomation" name="test_full_welcome_flow" time="0.194" /><testcase classname="tests.backend_test.TestEmailTrickle" name="test_trickle_plan" time="0.035" /><testcase classname="tests.backend_test.TestEmailTrickle" name="test_email_preview" time="0.035" /><testcase classname="tests.backend_test.TestLocalEvents" name="test_local_events_payload" time="0.036" /><testcase classname="tests.backend_test.TestLocalEvents" name="test_local_events_insight_bounds" time="0.034" /><testcase classname="tests.backend_test.TestContentCalendar" name="test_calendar_initial_state" time="0.041" /><testcase classname="tests.backend_test.TestContentCalendar" name="test_calendar_add_week" time="0.113" /><testcase classname="tests.backend_test.TestContentCalendar" name="test_calendar_add_and_remove_post" time="0.151" /><testcase classname="tests.backend_test.TestContentCalendar" name="test_calendar_reset_restores_two_weeks" time="0.113" /><testcase classname="tests.backend_test.TestBrandProfile" name="test_get_brand_profile_shape" time="0.041" /><testcase classname="tests.backend_test.TestBrandProfile" name="test_put_partial_update_and_persist" time="0.224" /><testcase classname="tests.backend_test.TestPersistenceAcrossRestart" name="test_state_survives_backend_restart" time="5.405" /><testcase classname="tests.backend_test.TestScanToSpinPhase3" name="test_spin_issues_persisted_code" time="0.077" /><testcase classname="tests.backend_test.TestScanToSpinPhase3" name="test_redeem_valid_then_duplicate_then_invalid" time="0.274" /><testcase classname="tests.backend_test.TestScanToSpinPhase3" name="test_dashboard_reflects_ledger_and_updates_after_spin_and_redeem" time="0.229" /><testcase classname="tests.backend_test.TestScanToSpinPhase3" name="test_spin_qr_returns_png_data_uri" time="0.038" /><testcase classname="tests.backend_test.TestScanToSpinPhase3" name="test_segments_verification_uses_live_ledger" time="0.073" /><testcase classname="tests.backend_test.TestScanToSpinPhase3" name="test_persistence_across_restart" time="4.137" /><testcase classname="tests.backend_test.TestVideoCritic" name="test_analyze_bogus_uploadId_returns_404" time="0.036" /><testcase classname="tests.backend_test.TestVideoCritic" name="test_chunk_bogus_uploadId_returns_404" time="0.039" /><testcase classname="tests.backend_test.TestVideoCritic" name="test_full_pipeline_upload_analyze_playback" time="5.202" /><testcase classname="tests.backend_test.TestPhase2POSImport" name="test_sample_transactions_csv_has_square_headers" time="0.040" /><testcase classname="tests.backend_test.TestPhase2POSImport" name="test_import_square_csv_recomputes_reports" time="0.260" /><testcase classname="tests.backend_test.TestPhase2POSImport" name="test_import_generic_csv_column_mapping" time="0.045" /><testcase classname="tests.backend_test.TestPhase2POSImport" name="test_import_csv_with_no_amount_column_returns_422" time="0.074" /><testcase classname="tests.backend_test.TestPhase2POSImport" name="test_clear_transactions_restores_demo_baseline" time="0.115" /><testcase classname="tests.backend_test.TestTableTentPDF" name="test_table_tent_pdf_returns_pdf_bytes" time="0.051" /><testcase classname="tests.backend_test.TestTableTentPDF" name="test_table_tent_pdf_default_params" time="0.044" /><testcase classname="tests.backend_test.TestTableTentPDF" name="test_table_tent_pdf_strips_bad_base" time="0.045" /></testsuite></testsuites>