<?xml version="1.0" encoding="utf-8"?><testsuites name="pytest tests"><testsuite name="pytest" errors="0" failures="0" skipped="0" tests="6" time="4.955" timestamp="2026-07-18T05:34:10.393299+00:00" hostname="agent-env-5cd6cc33-f940-434f-aa02-511ba8586701"><testcase classname="tests.backend_test.TestScanToSpinPhase3" name="test_spin_issues_persisted_code" time="0.253" /><testcase classname="tests.backend_test.TestScanToSpinPhase3" name="test_redeem_valid_then_duplicate_then_invalid" time="0.159" /><testcase classname="tests.backend_test.TestScanToSpinPhase3" name="test_dashboard_reflects_ledger_and_updates_after_spin_and_redeem" time="0.122" /><testcase classname="tests.backend_test.TestScanToSpinPhase3" name="test_spin_qr_returns_png_data_uri" time="0.032" /><testcase classname="tests.backend_test.TestScanToSpinPhase3" name="test_segments_verification_uses_live_ledger" time="0.061" /><testcase classname="tests.backend_test.TestScanToSpinPhase3" name="test_persistence_across_restart" time="3.678" /></testsuite></testsuites>