<?xml version="1.0" encoding="utf-8"?><testsuites name="pytest tests"><testsuite name="pytest" errors="0" failures="0" skipped="0" tests="26" time="3.891" timestamp="2026-07-18T18:00:05.571994+00:00" hostname="agent-env-2c5d9d77-de96-4f09-936e-3ca61e22ce00"><testcase classname="tests.test_auth_and_approvals.TestAuthGating" name="test_public_root" time="0.268" /><testcase classname="tests.test_auth_and_approvals.TestMemberActivationFlow" name="test_pending_member_gets_403_access_code_required" time="0.272" /><testcase classname="tests.test_auth_and_approvals.TestAuthGating" name="test_public_spin_no_auth" time="0.085" /><testcase classname="tests.test_auth_and_approvals.TestMemberActivationFlow" name="test_activate_wrong_code_returns_400" time="0.133" /><testcase classname="tests.test_auth_and_approvals.TestAuthGating" name="test_public_games_no_auth" time="0.091" /><testcase classname="tests.test_auth_and_approvals.TestMemberActivationFlow" name="test_activate_correct_code_unlocks" time="0.489" /><testcase classname="tests.test_auth_and_approvals.TestAuthGating" name="test_overview_requires_auth" time="0.210" /><testcase classname="tests.test_auth_and_approvals.TestAuthGating" name="test_segments_requires_auth" time="0.112" /><testcase classname="tests.test_auth_and_approvals.TestAuthGating" name="test_team_requires_auth" time="0.118" /><testcase classname="tests.test_auth_and_approvals.TestAuthGating" name="test_owner_can_hit_protected" time="0.133" /><testcase classname="tests.test_auth_and_approvals.TestMemberActivationFlow" name="test_seat_cap_rejects_fourth_member" time="0.509" /><testcase classname="tests.test_auth_and_approvals.TestAuthGating" name="test_auth_me_owner" time="0.106" /><testcase classname="tests.test_auth_and_approvals.TestPostRebuildRegression" name="test_get_returns_200[/executioner/reports]" time="0.098" /><testcase classname="tests.test_auth_and_approvals.TestPostRebuildRegression" name="test_get_returns_200[/maximizer/segments]" time="0.084" /><testcase classname="tests.test_auth_and_approvals.TestPostRebuildRegression" name="test_get_returns_200[/maximizer/spin/qr?spaceId=Counter&amp;base=https://x.app]" time="0.147" /><testcase classname="tests.test_auth_and_approvals.TestMemberActivationFlow" name="test_rotate_locks_out_active_member" time="0.493" /><testcase classname="tests.test_auth_and_approvals.TestPostRebuildRegression" name="test_get_returns_200[/content/calendar]" time="0.082" /><testcase classname="tests.test_auth_and_approvals.TestPostRebuildRegression" name="test_get_returns_200[/content/brand-profile]" time="0.085" /><testcase classname="tests.test_auth_and_approvals.TestTeamOwnerOps" name="test_team_overview_shape" time="0.095" /><testcase classname="tests.test_auth_and_approvals.TestTeamOwnerOps" name="test_rotate_code_changes_code_and_version" time="0.225" /><testcase classname="tests.test_auth_and_approvals.TestMemberActivationFlow" name="test_revoke_kills_session_and_restore_returns_pending" time="0.510" /><testcase classname="tests.test_auth_and_approvals.TestTeamOwnerOps" name="test_cannot_revoke_owner" time="0.097" /><testcase classname="tests.test_auth_and_approvals.TestApprovalWorkflow" name="test_member_publish_all_creates_pending_approval" time="0.246" /><testcase classname="tests.test_auth_and_approvals.TestApprovalWorkflow" name="test_owner_publish_all_executes_directly" time="0.084" /><testcase classname="tests.test_auth_and_approvals.TestApprovalWorkflow" name="test_owner_can_approve_and_double_approve_rejected" time="0.403" /><testcase classname="tests.test_auth_and_approvals.TestApprovalWorkflow" name="test_owner_can_reject" time="0.318" /></testsuite></testsuites>