<?xml version="1.0" encoding="utf-8"?><testsuites name="pytest tests"><testsuite name="pytest" errors="0" failures="0" skipped="0" tests="9" time="20.706" timestamp="2026-07-18T21:45:22.233865+00:00" hostname="agent-env-a9d0d8c7-ad4c-4c4a-a00a-d9b45f2c08c4"><testcase classname="tests.test_coach_library_and_calendar.TestCoachToCalendar" name="test_bogus_id_returns_404" time="0.112" /><testcase classname="tests.test_coach_library_and_calendar.TestCoachTemplatesList" name="test_list_returns_seeded_templates" time="0.109" /><testcase classname="tests.test_coach_library_and_calendar.TestCoachTemplatesList" name="test_list_sorted_newest_first" time="0.036" /><testcase classname="tests.test_coach_library_and_calendar.TestCoachToCalendar" name="test_add_to_calendar_persists" time="0.115" /><testcase classname="tests.test_coach_library_and_calendar.TestCoachTemplatesList" name="test_list_item_shape" time="0.040" /><testcase classname="tests.test_coach_library_and_calendar.TestCoachTemplatePdf" name="test_pdf_valid" time="0.090" /><testcase classname="tests.test_coach_library_and_calendar.TestCoachTemplateDelete" name="test_delete_bogus_returns_404" time="0.052" /><testcase classname="tests.test_coach_library_and_calendar.TestCoachTemplatePdf" name="test_pdf_bogus_404" time="0.038" /><testcase classname="tests.test_coach_library_and_calendar.TestCoachTemplateDelete" name="test_create_and_delete_disposable" time="20.073" /></testsuite></testsuites>