<?xml version="1.0" encoding="utf-8"?><testsuites name="pytest tests"><testsuite name="pytest" errors="0" failures="1" skipped="0" tests="137" time="157.280" timestamp="2026-07-18T23:30:04.829835+00:00" hostname="agent-env-a9d0d8c7-ad4c-4c4a-a00a-d9b45f2c08c4"><testcase classname="tests.backend_test.TestConnections" name="test_pathways_returns_5" time="0.134" /><testcase classname="tests.test_auth_and_approvals.TestAuthGating" name="test_public_root" time="0.096" /><testcase classname="tests.test_auth_and_approvals.TestAuthGating" name="test_public_spin_no_auth" time="0.106" /><testcase classname="tests.backend_test.TestConnections" name="test_oauth_start_valid_platform[google]" time="0.065" /><testcase classname="tests.backend_test.TestConnections" name="test_oauth_start_valid_platform[tiktok]" time="0.094" /><testcase classname="tests.test_auth_and_approvals.TestAuthGating" name="test_public_spin_requires_agreement" time="0.107" /><testcase classname="tests.backend_test.TestConnections" name="test_oauth_start_valid_platform[instagram]" time="0.047" /><testcase classname="tests.test_auth_and_approvals.TestAuthGating" name="test_public_spin_requires_identity" time="0.085" /><testcase classname="tests.backend_test.TestConnections" name="test_oauth_start_valid_platform[facebook]" time="0.057" /><testcase classname="tests.backend_test.TestConnections" name="test_oauth_start_valid_platform[youtube]" time="0.092" /><testcase classname="tests.test_auth_and_approvals.TestAuthGating" name="test_public_spin_daily_limit" time="0.131" /><testcase classname="tests.backend_test.TestConnections" name="test_oauth_start_unknown_platform" time="0.042" /><testcase classname="tests.test_auth_and_approvals.TestAuthGating" name="test_public_games_no_auth" time="0.069" /><testcase classname="tests.backend_test.TestConnections" name="test_oauth_callback_unknown_platform" time="0.062" /><testcase classname="tests.backend_test.TestConnections" name="test_oauth_callback_marks_authorized" time="0.173" /><testcase classname="tests.test_auth_and_approvals.TestAuthGating" name="test_overview_requires_auth" time="0.089" /><testcase classname="tests.test_auth_and_approvals.TestAuthGating" name="test_segments_requires_auth" time="0.076" /><testcase classname="tests.backend_test.TestConnections" name="test_get_connections_reflects_state_and_disconnect_clears_auth" time="0.127" /><testcase classname="tests.test_auth_and_approvals.TestAuthGating" name="test_team_requires_auth" time="0.121" /><testcase classname="tests.test_auth_and_approvals.TestAuthGating" name="test_owner_can_hit_protected" time="0.071" /><testcase classname="tests.backend_test.TestCoreRoutes" name="test_overview" time="0.043" /><testcase classname="tests.backend_test.TestCoreRoutes" name="test_executioner_reports" time="0.054" /><testcase classname="tests.test_auth_and_approvals.TestAuthGating" name="test_auth_me_owner" time="0.078" /><testcase classname="tests.backend_test.TestCoreRoutes" name="test_executioner_reconcile_and_reset" time="0.249" /><testcase classname="tests.test_prize_board.TestPrizeBoard" name="test_a_get_board_shape" time="0.093" /><testcase classname="tests.test_prize_board.TestPrizeBoard" name="test_b_put_valid_board" time="0.153" /><testcase classname="tests.backend_test.TestCoreRoutes" name="test_recommended_plan" time="0.050" /><testcase classname="tests.test_prize_board.TestPrizeBoard" name="test_c_put_too_few_good_prizes_rejected" time="0.039" /><testcase classname="tests.backend_test.TestCoreRoutes" name="test_maximizer_games" time="0.093" /><testcase classname="tests.test_prize_board.TestPrizeBoard" name="test_d_put_empty_dud_rejected" time="0.077" /><testcase classname="tests.backend_test.TestCoreRoutes" name="test_maximizer_set_active" time="0.116" /><testcase classname="tests.test_prize_board.TestPrizeBoard" name="test_e_couponer_always_gets_dud" time="0.971" /><testcase classname="tests.backend_test.TestCoreRoutes" name="test_maximizer_segments" time="0.045" /><testcase classname="tests.backend_test.TestCoreRoutes" name="test_maximizer_drip" time="0.043" /><testcase classname="tests.backend_test.TestCoreRoutes" name="test_maximizer_spin" time="0.298" /><testcase classname="tests.backend_test.TestCoreRoutes" name="test_codes_flow" time="0.233" /><testcase classname="tests.test_security_iter15.TestUploadIdValidation" name="test_chunk_path_traversal_400" time="0.093" /><testcase classname="tests.test_security_iter15.TestUploadIdValidation" name="test_chunk_malformed_400" time="0.082" /><testcase classname="tests.test_security_iter15.TestUploadIdValidation" name="test_chunk_well_formed_unknown_404" time="0.075" /><testcase classname="tests.test_prize_board.TestPrizeBoard" name="test_f_others_get_good_prizes_only" time="0.822" /><testcase classname="tests.test_security_iter15.TestUploadIdValidation" name="test_analyze_malformed_400" time="0.096" /><testcase classname="tests.test_security_iter15.TestUploadIdValidation" name="test_analyze_well_formed_unknown_404" time="0.075" /><testcase classname="tests.test_security_iter15.TestUploadIdValidation" name="test_vault_save_malformed_400" time="0.074" /><testcase classname="tests.test_security_iter15.TestUploadIdValidation" name="test_vault_save_well_formed_unknown_404" time="0.076" /><testcase classname="tests.test_security_iter15.TestUploadIdValidation" name="test_no_file_written_for_traversal" time="0.000" /><testcase classname="tests.backend_test.TestScanToSpinPhase3" name="test_spin_issues_persisted_code" time="0.115" /><testcase classname="tests.backend_test.TestScanToSpinPhase3" name="test_redeem_valid_then_duplicate_then_invalid" time="0.216" /><testcase classname="tests.backend_test.TestScanToSpinPhase3" name="test_dashboard_reflects_ledger_and_updates_after_spin_and_redeem" time="0.182" /><testcase classname="tests.test_prize_board.TestPrizeBoard" name="test_g_headline_slot_is_high_tier" time="0.166" /><testcase classname="tests.backend_test.TestScanToSpinPhase3" name="test_spin_qr_returns_png_data_uri" time="0.037" /><testcase classname="tests.backend_test.TestScanToSpinPhase3" name="test_segments_verification_uses_live_ledger" time="0.075"><failure message="assert 590 == 589">self = &lt;backend_test.TestScanToSpinPhase3 object at 0xff987c343050&gt;
s = &lt;requests.sessions.Session object at 0xff987715c1d0&gt;

    def test_segments_verification_uses_live_ledger(self, s):
        dash = s.get(f"{API}/maximizer/redemptions/dashboard", timeout=15).json()
        seg = s.get(f"{API}/maximizer/segments", timeout=15).json()
        v = seg["verification"]
&gt;       assert v["codesIssued"] == dash["codesIssued"]
E       assert 590 == 589

tests/backend_test.py:662: AssertionError</failure></testcase><testcase classname="tests.backend_test.TestScanToSpinPhase3" name="test_persistence_across_restart" time="62.349" /><testcase classname="tests.test_prize_board.TestPrizeBoard" name="test_h_redeem_returns_pos_code" time="0.227" /><testcase classname="tests.test_auth_and_approvals.TestMemberActivationFlow" name="test_pending_member_gets_403_access_code_required" time="0.094" /><testcase classname="tests.test_auth_and_approvals.TestMemberActivationFlow" name="test_activate_wrong_code_returns_400" time="60.960" /><testcase classname="tests.test_auth_and_approvals.TestMemberActivationFlow" name="test_activate_correct_code_unlocks" time="0.230" /><testcase classname="tests.test_auth_and_approvals.TestMemberActivationFlow" name="test_seat_cap_rejects_fourth_member" time="0.366" /><testcase classname="tests.test_auth_and_approvals.TestMemberActivationFlow" name="test_rotate_locks_out_active_member" time="0.485" /><testcase classname="tests.backend_test.TestPhase2POSImport" name="test_sample_transactions_csv_has_square_headers" time="0.032" /><testcase classname="tests.test_auth_and_approvals.TestMemberActivationFlow" name="test_revoke_kills_session_and_restore_returns_pending" time="0.463" /><testcase classname="tests.backend_test.TestPhase2POSImport" name="test_import_square_csv_recomputes_reports" time="0.199" /><testcase classname="tests.backend_test.TestPhase2POSImport" name="test_import_generic_csv_column_mapping" time="0.037" /><testcase classname="tests.backend_test.TestPhase2POSImport" name="test_import_csv_with_no_amount_column_returns_422" time="0.073" /><testcase classname="tests.backend_test.TestPhase2POSImport" name="test_clear_transactions_restores_demo_baseline" time="0.144" /><testcase classname="tests.test_qr_sheet_report_email.TestReportEmail" name="test_requires_auth" time="0.074" /><testcase classname="tests.test_auth_and_approvals.TestPostRebuildRegression" name="test_get_returns_200[/executioner/reports]" time="0.077" /><testcase classname="tests.test_qr_sheet_report_email.TestReportEmail" name="test_get_defaults" time="0.083" /><testcase classname="tests.test_auth_and_approvals.TestPostRebuildRegression" name="test_get_returns_200[/maximizer/segments]" time="0.091" /><testcase classname="tests.test_qr_sheet_report_email.TestReportEmail" name="test_put_settings_roundtrip" time="0.202" /><testcase classname="tests.test_auth_and_approvals.TestPostRebuildRegression" name="test_get_returns_200[/maximizer/spin/qr?spaceId=Counter&amp;base=https://x.app]" time="0.080" /><testcase classname="tests.test_auth_and_approvals.TestPostRebuildRegression" name="test_get_returns_200[/content/calendar]" time="0.071" /><testcase classname="tests.test_auth_and_approvals.TestPostRebuildRegression" name="test_get_returns_200[/content/brand-profile]" time="0.112" /><testcase classname="tests.test_qr_sheet_report_email.TestReportEmail" name="test_put_bad_timezone_rejected" time="0.045" /><testcase classname="tests.test_qr_sheet_report_email.TestReportEmail" name="test_send_now_stub" time="0.137" /><testcase classname="tests.backend_test.TestContentDirector" name="test_prompts_has_distribution" time="0.089" /><testcase classname="tests.backend_test.TestContentDirector" name="test_distribution_endpoint" time="0.076" /><testcase classname="tests.backend_test.TestContentCalendar" name="test_calendar_initial_state" time="0.079" /><testcase classname="tests.backend_test.TestContentDirector" name="test_content_copy" time="9.740" /><testcase classname="tests.backend_test.TestContentCalendar" name="test_calendar_add_week" time="0.208" /><testcase classname="tests.backend_test.TestContentCalendar" name="test_calendar_add_and_remove_post" time="0.177" /><testcase classname="tests.backend_test.TestContentCalendar" name="test_calendar_reset_restores_two_weeks" time="0.142" /><testcase classname="tests.test_locations_weekly.TestLocations" name="test_requires_auth" time="0.082" /><testcase classname="tests.test_locations_weekly.TestLocations" name="test_rows_shape_and_test_spot_present" time="0.230" /><testcase classname="tests.test_locations_weekly.TestLocations" name="test_admin_demo_excluded" time="0.032" /><testcase classname="tests.test_locations_weekly.TestLocations" name="test_spin_signup_records_space" time="0.120" /><testcase classname="tests.test_security_iter15.TestCORSLockdown" name="test_evil_origin_gets_no_acao" time="0.002" /><testcase classname="tests.test_security_iter15.TestCORSLockdown" name="test_evil_origin_get_gets_no_acao" time="0.002" /><testcase classname="tests.test_security_iter15.TestCORSLockdown" name="test_preview_origin_gets_acao" time="0.001" /><testcase classname="tests.test_security_iter15.TestCORSLockdown" name="test_preview_origin_get_gets_acao" time="0.001" /><testcase classname="tests.backend_test.TestPublishAll" name="test_publish_all_default_state" time="0.186" /><testcase classname="tests.backend_test.TestPublishAll" name="test_publish_all_respects_connection_toggle" time="0.177" /><testcase classname="tests.backend_test.TestPublishAll" name="test_publish_all_empty_body_ok" time="0.074" /><testcase classname="tests.backend_test.TestVideoCritic" name="test_analyze_bogus_uploadId_returns_404" time="0.099" /><testcase classname="tests.backend_test.TestVideoCritic" name="test_chunk_bogus_uploadId_returns_404" time="0.104" /><testcase classname="tests.backend_test.TestVideoCritic" name="test_full_pipeline_upload_analyze_playback" time="4.303" /><testcase classname="tests.backend_test.TestTableTentPDF" name="test_table_tent_pdf_returns_pdf_bytes" time="0.048" /><testcase classname="tests.backend_test.TestTableTentPDF" name="test_table_tent_pdf_default_params" time="0.041" /><testcase classname="tests.backend_test.TestTableTentPDF" name="test_table_tent_pdf_strips_bad_base" time="0.040" /><testcase classname="tests.test_auth_and_approvals.TestTeamOwnerOps" name="test_team_overview_shape" time="0.127" /><testcase classname="tests.test_auth_and_approvals.TestTeamOwnerOps" name="test_rotate_code_changes_code_and_version" time="0.203" /><testcase classname="tests.test_auth_and_approvals.TestTeamOwnerOps" name="test_cannot_revoke_owner" time="0.077" /><testcase classname="tests.test_coach_library_and_calendar.TestCoachTemplatesList" name="test_list_returns_seeded_templates" time="0.080" /><testcase classname="tests.test_coach_library_and_calendar.TestCoachTemplatesList" name="test_list_sorted_newest_first" time="0.039" /><testcase classname="tests.test_coach_library_and_calendar.TestCoachTemplatesList" name="test_list_item_shape" time="0.036" /><testcase classname="tests.test_locations_weekly.TestScan" name="test_scan_is_public_and_records" time="0.070" /><testcase classname="tests.test_locations_weekly.TestScan" name="test_scan_defaults_to_direct" time="0.031" /><testcase classname="tests.test_locations_weekly.TestScan" name="test_scan_truncates_long_space" time="0.031" /><testcase classname="tests.test_locations_weekly.TestWeeklyReport" name="test_requires_auth" time="0.033" /><testcase classname="tests.test_locations_weekly.TestWeeklyReport" name="test_shape_and_week_bounds" time="0.079" /><testcase classname="tests.test_locations_weekly.TestWeeklyReport" name="test_pdf_downloads" time="0.051" /><testcase classname="tests.test_qr_sheet_report_email.TestQrSheet" name="test_requires_auth" time="0.070" /><testcase classname="tests.test_qr_sheet_report_email.TestQrSheet" name="test_pdf_downloads" time="0.138" /><testcase classname="tests.test_qr_sheet_report_email.TestQrSheet" name="test_bad_base_ignored" time="0.070" /><testcase classname="tests.backend_test.TestEmailTrickle" name="test_trickle_plan" time="0.080" /><testcase classname="tests.backend_test.TestEmailTrickle" name="test_email_preview" time="0.072" /><testcase classname="tests.backend_test.TestLocalEvents" name="test_local_events_payload" time="0.034" /><testcase classname="tests.backend_test.TestLocalEvents" name="test_local_events_insight_bounds" time="0.031" /><testcase classname="tests.backend_test.TestBrandProfile" name="test_get_brand_profile_shape" time="0.037" /><testcase classname="tests.backend_test.TestBrandProfile" name="test_put_partial_update_and_persist" time="0.251" /><testcase classname="tests.test_coach_library_and_calendar.TestCoachToCalendar" name="test_bogus_id_returns_404" time="0.076" /><testcase classname="tests.test_coach_library_and_calendar.TestCoachToCalendar" name="test_add_to_calendar_persists" time="0.104" /><testcase classname="tests.test_coach_library_and_calendar.TestCoachTemplateDelete" name="test_delete_bogus_returns_404" time="0.072" /><testcase classname="tests.test_coach_library_and_calendar.TestCoachTemplateDelete" name="test_create_and_delete_disposable" time="80.166" /><testcase classname="tests.backend_test.TestContentDirector" name="test_content_critic" time="0.154" /><testcase classname="tests.test_auth_and_approvals.TestApprovalWorkflow" name="test_member_publish_all_creates_pending_approval" time="0.221" /><testcase classname="tests.test_auth_and_approvals.TestApprovalWorkflow" name="test_owner_publish_all_executes_directly" time="0.074" /><testcase classname="tests.test_auth_and_approvals.TestApprovalWorkflow" name="test_owner_can_approve_and_double_approve_rejected" time="0.429" /><testcase classname="tests.test_auth_and_approvals.TestApprovalWorkflow" name="test_owner_can_reject" time="0.291" /><testcase classname="tests.test_security_iter15.TestNoRawExceptionLeak" name="test_no_fstring_e_in_httpexception" time="0.001" /><testcase classname="tests.test_security_iter15.TestNoRawExceptionLeak" name="test_logger_exception_still_used" time="0.000" /><testcase classname="tests.test_security_iter15.TestCoachRegression" name="test_templates_seeded" time="0.083" /><testcase classname="tests.test_security_iter15.TestCoachRegression" name="test_to_calendar_uuid_ids_and_cap" time="0.523" /><testcase classname="tests.backend_test.TestWelcomeAutomation" name="test_full_welcome_flow" time="0.243" /><testcase classname="tests.backend_test.TestPersistenceAcrossRestart" name="test_state_survives_backend_restart" time="77.959" /><testcase classname="tests.test_coach_library_and_calendar.TestCoachTemplatePdf" name="test_pdf_valid" time="0.091" /><testcase classname="tests.test_coach_library_and_calendar.TestCoachTemplatePdf" name="test_pdf_bogus_404" time="0.038" /><testcase classname="tests.test_security_iter15.TestChunkPipelineHappyPath" name="test_init_chunk_size" time="0.295" /></testsuite></testsuites>