<?xml version="1.0" encoding="utf-8"?><testsuites name="pytest tests"><testsuite name="pytest" errors="0" failures="0" skipped="0" tests="8" time="4.225" timestamp="2026-07-25T02:50:23.261127+00:00" hostname="agent-env-a9d0d8c7-ad4c-4c4a-a00a-d9b45f2c08c4"><testcase classname="tests.test_master_password.TestMasterPassword" name="test_login_success_sets_cookie_and_me_works" time="0.593" /><testcase classname="tests.test_master_password.TestMasterPassword" name="test_wrong_password_401" time="0.303" /><testcase classname="tests.test_master_password.TestMasterPassword" name="test_unknown_email_401_same_message" time="0.087" /><testcase classname="tests.test_master_password.TestMasterPassword" name="test_member_without_password_cannot_login" time="0.069" /><testcase classname="tests.test_master_password.TestMasterPassword" name="test_brute_force_lockout" time="0.438" /><testcase classname="tests.test_master_password.TestMasterPassword" name="test_change_and_revert" time="1.881" /><testcase classname="tests.test_master_password.TestMasterPassword" name="test_wrong_current_400" time="0.255" /><testcase classname="tests.test_master_password.TestMasterPassword" name="test_short_new_password_400" time="0.255" /></testsuite></testsuites>